[16 Abr 2019 16:34:12] Building database metadata model
[16 Abr 2019 16:34:12] Properties: {partialRefresh=false, processColumnsUsingSelect=, includePrimaryKeys=true, eventSocketClient=com.webratio.commons.net.EventSocketClient@8e89bed, includeTables=true, username=userEW, outputLogPath=/home/luis/WebRatio_Platform/WebRatio/workspace/BETEW2/.Temp~/DB.xml.log, readIndexes=null, driverClass=com.mysql.jdbc.Driver, includeSynonyms=true, metaDataProviderClass=com.webratio.commons.db.metadata.MySQLMetaDataProvider, outputPath=/home/luis/WebRatio_Platform/WebRatio/workspace/BETEW2/.Temp~/DB.xml, schemaRegex=null, readProcedures=true, includeViews=true, derby.system.home=/home/luis/WebRatio_Platform/WebRatio/workspace/.metadata/.plugins/com.webratio.commons.db/derby, url=jdbc:mysql://localhost:3306/bettingwebapp, tableRegex=null, readSQLDefinitions=true, includeForeignKeys=false, retrieveAllNames=false, tablesToRefresh=, eventSocketPort=39045}
[16 Abr 2019 16:34:12] URL: jdbc:mysql://localhost:3306/bettingwebapp
[16 Abr 2019 16:34:12] Product name: MySQL
[16 Abr 2019 16:34:12] Product version: 5.7.25-0ubuntu0.18.04.2
[16 Abr 2019 16:34:12] Driver name: MySQL Connector Java
[16 Abr 2019 16:34:12] Driver version: mysql-connector-java-5.1.31 ( Revision: alexander.soklakov@oracle.com-20140520065950-groqzzbvxprqdmnz )
[16 Abr 2019 16:34:12] Driver major version: 5
[16 Abr 2019 16:34:12] Driver minor version: 1
[16 Abr 2019 16:34:12] Identifier quote string: 1
[16 Abr 2019 16:34:12] Retrieving schemas
[16 Abr 2019 16:34:12] Retrieving [TABLE, VIEW, SYNONYM] for schema ''
[16 Abr 2019 16:34:12]   Found 'availablebettypes' [type = TABLE]
[16 Abr 2019 16:34:12]   Found 'basketballstats' [type = TABLE]
[16 Abr 2019 16:34:12]   Found 'bet' [type = TABLE]
[16 Abr 2019 16:34:12]   Found 'bettype' [type = TABLE]
[16 Abr 2019 16:34:12]   Found 'bettype_sport' [type = TABLE]
[16 Abr 2019 16:34:12]   Found 'event' [type = TABLE]
[16 Abr 2019 16:34:12]   Found 'footballstats' [type = TABLE]
[16 Abr 2019 16:34:12]   Found 'group' [type = TABLE]
[16 Abr 2019 16:34:12]   Found 'group_module' [type = TABLE]
[16 Abr 2019 16:34:12]   Found 'module' [type = TABLE]
[16 Abr 2019 16:34:12]   Found 'player' [type = TABLE]
[16 Abr 2019 16:34:12]   Found 'result' [type = TABLE]
[16 Abr 2019 16:34:12]   Found 'sport' [type = TABLE]
[16 Abr 2019 16:34:12]   Found 'state' [type = TABLE]
[16 Abr 2019 16:34:12]   Found 'stats' [type = TABLE]
[16 Abr 2019 16:34:12]   Found 'team' [type = TABLE]
[16 Abr 2019 16:34:12]   Found 'teamsperevent' [type = TABLE]
[16 Abr 2019 16:34:12]   Found 'user' [type = TABLE]
[16 Abr 2019 16:34:12]   Found 'user_group' [type = TABLE]
[16 Abr 2019 16:34:12] Retrieving columns for 'availablebettypes' [type = TABLE]
[16 Abr 2019 16:34:12]   Found column: oid [type = INT][SQL/XOPEN type = 4][size = 10][dec. digits = 0]
[16 Abr 2019 16:34:12]   Found column: odd [type = DOUBLE][SQL/XOPEN type = 8][size = 22][dec. digits = 0]
[16 Abr 2019 16:34:12]   Found column: betresult [type = BIT][SQL/XOPEN type = -7][size = 1][dec. digits = 0]
[16 Abr 2019 16:34:12]   Found column: bettype_oid [type = INT][SQL/XOPEN type = 4][size = 10][dec. digits = 0]
[16 Abr 2019 16:34:12]   Found column: event_oid [type = INT][SQL/XOPEN type = 4][size = 10][dec. digits = 0]
[16 Abr 2019 16:34:12] Retrieving primary keys for 'availablebettypes' [type = TABLE]
[16 Abr 2019 16:34:12]   Found primary key column: oid
[16 Abr 2019 16:34:12] Retrieving columns for 'basketballstats' [type = TABLE]
[16 Abr 2019 16:34:12]   Found column: stats_oid [type = INT][SQL/XOPEN type = 4][size = 10][dec. digits = 0]
[16 Abr 2019 16:34:12]   Found column: homepoints [type = INT][SQL/XOPEN type = 4][size = 10][dec. digits = 0]
[16 Abr 2019 16:34:12]   Found column: awaytriples [type = INT][SQL/XOPEN type = 4][size = 10][dec. digits = 0]
[16 Abr 2019 16:34:12]   Found column: hometriples [type = INT][SQL/XOPEN type = 4][size = 10][dec. digits = 0]
[16 Abr 2019 16:34:12]   Found column: awaypoints [type = INT][SQL/XOPEN type = 4][size = 10][dec. digits = 0]
[16 Abr 2019 16:34:12] Retrieving primary keys for 'basketballstats' [type = TABLE]
[16 Abr 2019 16:34:12]   Found primary key column: stats_oid
[16 Abr 2019 16:34:12] Retrieving columns for 'bet' [type = TABLE]
[16 Abr 2019 16:34:12]   Found column: oid [type = INT][SQL/XOPEN type = 4][size = 10][dec. digits = 0]
[16 Abr 2019 16:34:12]   Found column: wager [type = DOUBLE][SQL/XOPEN type = 8][size = 22][dec. digits = 0]
[16 Abr 2019 16:34:12]   Found column: user_oid [type = INT][SQL/XOPEN type = 4][size = 10][dec. digits = 0]
[16 Abr 2019 16:34:12]   Found column: event_oid [type = INT][SQL/XOPEN type = 4][size = 10][dec. digits = 0]
[16 Abr 2019 16:34:12]   Found column: bettype_oid [type = INT][SQL/XOPEN type = 4][size = 10][dec. digits = 0]
[16 Abr 2019 16:34:12]   Found column: result_oid [type = INT][SQL/XOPEN type = 4][size = 10][dec. digits = 0]
[16 Abr 2019 16:34:12] Retrieving primary keys for 'bet' [type = TABLE]
[16 Abr 2019 16:34:12]   Found primary key column: oid
[16 Abr 2019 16:34:12] Retrieving columns for 'bettype' [type = TABLE]
[16 Abr 2019 16:34:12]   Found column: oid [type = INT][SQL/XOPEN type = 4][size = 10][dec. digits = 0]
[16 Abr 2019 16:34:12]   Found column: name [type = VARCHAR][SQL/XOPEN type = 12][size = 255][dec. digits = 0]
[16 Abr 2019 16:34:12] Retrieving primary keys for 'bettype' [type = TABLE]
[16 Abr 2019 16:34:12]   Found primary key column: oid
[16 Abr 2019 16:34:12] Retrieving columns for 'bettype_sport' [type = TABLE]
[16 Abr 2019 16:34:12]   Found column: bettype_oid [type = INT][SQL/XOPEN type = 4][size = 10][dec. digits = 0]
[16 Abr 2019 16:34:12]   Found column: sport_oid [type = INT][SQL/XOPEN type = 4][size = 10][dec. digits = 0]
[16 Abr 2019 16:34:12] Retrieving primary keys for 'bettype_sport' [type = TABLE]
[16 Abr 2019 16:34:12]   Found primary key column: bettype_oid
[16 Abr 2019 16:34:12]   Found primary key column: sport_oid
[16 Abr 2019 16:34:12] Retrieving columns for 'event' [type = TABLE]
[16 Abr 2019 16:34:12]   Found column: event_oid [type = INT][SQL/XOPEN type = 4][size = 10][dec. digits = 0]
[16 Abr 2019 16:34:12]   Found column: finishingdate [type = DATE][SQL/XOPEN type = 91][size = 10][dec. digits = 0]
[16 Abr 2019 16:34:12]   Found column: startingdate [type = DATE][SQL/XOPEN type = 91][size = 10][dec. digits = 0]
[16 Abr 2019 16:34:12]   Found column: creationdate [type = DATE][SQL/XOPEN type = 91][size = 10][dec. digits = 0]
[16 Abr 2019 16:34:12]   Found column: ispremium [type = BIT][SQL/XOPEN type = -7][size = 1][dec. digits = 0]
[16 Abr 2019 16:34:12]   Found column: description [type = VARCHAR][SQL/XOPEN type = 12][size = 255][dec. digits = 0]
[16 Abr 2019 16:34:12]   Found column: name [type = VARCHAR][SQL/XOPEN type = 12][size = 255][dec. digits = 0]
[16 Abr 2019 16:34:12]   Found column: state_oid [type = INT][SQL/XOPEN type = 4][size = 10][dec. digits = 0]
[16 Abr 2019 16:34:12]   Found column: sport_oid [type = INT][SQL/XOPEN type = 4][size = 10][dec. digits = 0]
[16 Abr 2019 16:34:12] Retrieving primary keys for 'event' [type = TABLE]
[16 Abr 2019 16:34:12]   Found primary key column: event_oid
[16 Abr 2019 16:34:12] Retrieving columns for 'footballstats' [type = TABLE]
[16 Abr 2019 16:34:12]   Found column: stats_oid [type = INT][SQL/XOPEN type = 4][size = 10][dec. digits = 0]
[16 Abr 2019 16:34:12]   Found column: homegoals [type = INT][SQL/XOPEN type = 4][size = 10][dec. digits = 0]
[16 Abr 2019 16:34:12]   Found column: awaygoals [type = INT][SQL/XOPEN type = 4][size = 10][dec. digits = 0]
[16 Abr 2019 16:34:12]   Found column: awayyellowcards [type = INT][SQL/XOPEN type = 4][size = 10][dec. digits = 0]
[16 Abr 2019 16:34:12]   Found column: homeyellowcards [type = INT][SQL/XOPEN type = 4][size = 10][dec. digits = 0]
[16 Abr 2019 16:34:12]   Found column: awayredcards [type = INT][SQL/XOPEN type = 4][size = 10][dec. digits = 0]
[16 Abr 2019 16:34:12]   Found column: homeredcards [type = INT][SQL/XOPEN type = 4][size = 10][dec. digits = 0]
[16 Abr 2019 16:34:12] Retrieving primary keys for 'footballstats' [type = TABLE]
[16 Abr 2019 16:34:12]   Found primary key column: stats_oid
[16 Abr 2019 16:34:12] Retrieving columns for 'group' [type = TABLE]
[16 Abr 2019 16:34:12]   Found column: oid [type = INT][SQL/XOPEN type = 4][size = 10][dec. digits = 0]
[16 Abr 2019 16:34:12]   Found column: groupname [type = VARCHAR][SQL/XOPEN type = 12][size = 255][dec. digits = 0]
[16 Abr 2019 16:34:12]   Found column: module_oid [type = INT][SQL/XOPEN type = 4][size = 10][dec. digits = 0]
[16 Abr 2019 16:34:12] Retrieving primary keys for 'group' [type = TABLE]
[16 Abr 2019 16:34:12]   Found primary key column: oid
[16 Abr 2019 16:34:12] Retrieving columns for 'group_module' [type = TABLE]
[16 Abr 2019 16:34:12]   Found column: group_oid [type = INT][SQL/XOPEN type = 4][size = 10][dec. digits = 0]
[16 Abr 2019 16:34:12]   Found column: module_oid [type = INT][SQL/XOPEN type = 4][size = 10][dec. digits = 0]
[16 Abr 2019 16:34:12] Retrieving primary keys for 'group_module' [type = TABLE]
[16 Abr 2019 16:34:12]   Found primary key column: group_oid
[16 Abr 2019 16:34:12]   Found primary key column: module_oid
[16 Abr 2019 16:34:12] Retrieving columns for 'module' [type = TABLE]
[16 Abr 2019 16:34:12]   Found column: oid [type = INT][SQL/XOPEN type = 4][size = 10][dec. digits = 0]
[16 Abr 2019 16:34:12]   Found column: moduleid [type = VARCHAR][SQL/XOPEN type = 12][size = 255][dec. digits = 0]
[16 Abr 2019 16:34:12]   Found column: modulename [type = VARCHAR][SQL/XOPEN type = 12][size = 255][dec. digits = 0]
[16 Abr 2019 16:34:12] Retrieving primary keys for 'module' [type = TABLE]
[16 Abr 2019 16:34:12]   Found primary key column: oid
[16 Abr 2019 16:34:12] Retrieving columns for 'player' [type = TABLE]
[16 Abr 2019 16:34:12]   Found column: oid [type = INT][SQL/XOPEN type = 4][size = 10][dec. digits = 0]
[16 Abr 2019 16:34:12]   Found column: team_oid [type = INT][SQL/XOPEN type = 4][size = 10][dec. digits = 0]
[16 Abr 2019 16:34:12] Retrieving primary keys for 'player' [type = TABLE]
[16 Abr 2019 16:34:12]   Found primary key column: oid
[16 Abr 2019 16:34:12] Retrieving columns for 'result' [type = TABLE]
[16 Abr 2019 16:34:12]   Found column: oid [type = INT][SQL/XOPEN type = 4][size = 10][dec. digits = 0]
[16 Abr 2019 16:34:12]   Found column: name [type = VARCHAR][SQL/XOPEN type = 12][size = 255][dec. digits = 0]
[16 Abr 2019 16:34:12] Retrieving primary keys for 'result' [type = TABLE]
[16 Abr 2019 16:34:12]   Found primary key column: oid
[16 Abr 2019 16:34:12] Retrieving columns for 'sport' [type = TABLE]
[16 Abr 2019 16:34:12]   Found column: oid [type = INT][SQL/XOPEN type = 4][size = 10][dec. digits = 0]
[16 Abr 2019 16:34:12]   Found column: name [type = VARCHAR][SQL/XOPEN type = 12][size = 255][dec. digits = 0]
[16 Abr 2019 16:34:12] Retrieving primary keys for 'sport' [type = TABLE]
[16 Abr 2019 16:34:12]   Found primary key column: oid
[16 Abr 2019 16:34:12] Retrieving columns for 'state' [type = TABLE]
[16 Abr 2019 16:34:12]   Found column: oid [type = INT][SQL/XOPEN type = 4][size = 10][dec. digits = 0]
[16 Abr 2019 16:34:12]   Found column: name [type = VARCHAR][SQL/XOPEN type = 12][size = 255][dec. digits = 0]
[16 Abr 2019 16:34:12] Retrieving primary keys for 'state' [type = TABLE]
[16 Abr 2019 16:34:12]   Found primary key column: oid
[16 Abr 2019 16:34:12] Retrieving columns for 'stats' [type = TABLE]
[16 Abr 2019 16:34:12]   Found column: oid [type = INT][SQL/XOPEN type = 4][size = 10][dec. digits = 0]
[16 Abr 2019 16:34:12]   Found column: gameduration [type = VARCHAR][SQL/XOPEN type = 12][size = 255][dec. digits = 0]
[16 Abr 2019 16:34:12]   Found column: event_event_oid [type = INT][SQL/XOPEN type = 4][size = 10][dec. digits = 0]
[16 Abr 2019 16:34:12] Retrieving primary keys for 'stats' [type = TABLE]
[16 Abr 2019 16:34:12]   Found primary key column: oid
[16 Abr 2019 16:34:12] Retrieving columns for 'team' [type = TABLE]
[16 Abr 2019 16:34:12]   Found column: oid [type = INT][SQL/XOPEN type = 4][size = 10][dec. digits = 0]
[16 Abr 2019 16:34:12] Retrieving primary keys for 'team' [type = TABLE]
[16 Abr 2019 16:34:12]   Found primary key column: oid
[16 Abr 2019 16:34:12] Retrieving columns for 'teamsperevent' [type = TABLE]
[16 Abr 2019 16:34:12]   Found column: oid [type = INT][SQL/XOPEN type = 4][size = 10][dec. digits = 0]
[16 Abr 2019 16:34:12]   Found column: team_oid [type = INT][SQL/XOPEN type = 4][size = 10][dec. digits = 0]
[16 Abr 2019 16:34:12]   Found column: event_oid [type = INT][SQL/XOPEN type = 4][size = 10][dec. digits = 0]
[16 Abr 2019 16:34:12] Retrieving primary keys for 'teamsperevent' [type = TABLE]
[16 Abr 2019 16:34:12]   Found primary key column: oid
[16 Abr 2019 16:34:12] Retrieving columns for 'user' [type = TABLE]
[16 Abr 2019 16:34:12]   Found column: oid [type = INT][SQL/XOPEN type = 4][size = 10][dec. digits = 0]
[16 Abr 2019 16:34:12]   Found column: username [type = VARCHAR][SQL/XOPEN type = 12][size = 255][dec. digits = 0]
[16 Abr 2019 16:34:12]   Found column: password [type = VARCHAR][SQL/XOPEN type = 12][size = 255][dec. digits = 0]
[16 Abr 2019 16:34:12]   Found column: email [type = VARCHAR][SQL/XOPEN type = 12][size = 255][dec. digits = 0]
[16 Abr 2019 16:34:12]   Found column: name [type = VARCHAR][SQL/XOPEN type = 12][size = 255][dec. digits = 0]
[16 Abr 2019 16:34:12]   Found column: balance [type = DOUBLE][SQL/XOPEN type = 8][size = 22][dec. digits = 0]
[16 Abr 2019 16:34:12]   Found column: group_oid [type = INT][SQL/XOPEN type = 4][size = 10][dec. digits = 0]
[16 Abr 2019 16:34:12] Retrieving primary keys for 'user' [type = TABLE]
[16 Abr 2019 16:34:12]   Found primary key column: oid
[16 Abr 2019 16:34:12] Retrieving columns for 'user_group' [type = TABLE]
[16 Abr 2019 16:34:12]   Found column: user_oid [type = INT][SQL/XOPEN type = 4][size = 10][dec. digits = 0]
[16 Abr 2019 16:34:12]   Found column: group_oid [type = INT][SQL/XOPEN type = 4][size = 10][dec. digits = 0]
[16 Abr 2019 16:34:12] Retrieving primary keys for 'user_group' [type = TABLE]
[16 Abr 2019 16:34:12]   Found primary key column: user_oid
[16 Abr 2019 16:34:12]   Found primary key column: group_oid
[16 Abr 2019 16:34:12] Database metadata retrieved (112 ms)
[16 Abr 2019 16:34:12] Retrieving auto-increment columns for 'availablebettypes' [type = TABLE]
[16 Abr 2019 16:34:12]   Found auto-increment column: oid
[16 Abr 2019 16:34:12] Retrieving auto-increment columns for 'basketballstats' [type = TABLE]
[16 Abr 2019 16:34:12] Retrieving auto-increment columns for 'bet' [type = TABLE]
[16 Abr 2019 16:34:12]   Found auto-increment column: oid
[16 Abr 2019 16:34:12] Retrieving auto-increment columns for 'bettype' [type = TABLE]
[16 Abr 2019 16:34:12]   Found auto-increment column: oid
[16 Abr 2019 16:34:12] Retrieving auto-increment columns for 'bettype_sport' [type = TABLE]
[16 Abr 2019 16:34:12] Retrieving auto-increment columns for 'event' [type = TABLE]
[16 Abr 2019 16:34:12]   Found auto-increment column: event_oid
[16 Abr 2019 16:34:12] Retrieving auto-increment columns for 'footballstats' [type = TABLE]
[16 Abr 2019 16:34:12] Retrieving auto-increment columns for 'group' [type = TABLE]
[16 Abr 2019 16:34:12]   Found auto-increment column: oid
[16 Abr 2019 16:34:12] Retrieving auto-increment columns for 'group_module' [type = TABLE]
[16 Abr 2019 16:34:12] Retrieving auto-increment columns for 'module' [type = TABLE]
[16 Abr 2019 16:34:12]   Found auto-increment column: oid
[16 Abr 2019 16:34:12] Retrieving auto-increment columns for 'player' [type = TABLE]
[16 Abr 2019 16:34:12]   Found auto-increment column: oid
[16 Abr 2019 16:34:12] Retrieving auto-increment columns for 'result' [type = TABLE]
[16 Abr 2019 16:34:12]   Found auto-increment column: oid
[16 Abr 2019 16:34:12] Retrieving auto-increment columns for 'sport' [type = TABLE]
[16 Abr 2019 16:34:12]   Found auto-increment column: oid
[16 Abr 2019 16:34:12] Retrieving auto-increment columns for 'state' [type = TABLE]
[16 Abr 2019 16:34:12]   Found auto-increment column: oid
[16 Abr 2019 16:34:12] Retrieving auto-increment columns for 'stats' [type = TABLE]
[16 Abr 2019 16:34:12]   Found auto-increment column: oid
[16 Abr 2019 16:34:12] Retrieving auto-increment columns for 'team' [type = TABLE]
[16 Abr 2019 16:34:12]   Found auto-increment column: oid
[16 Abr 2019 16:34:12] Retrieving auto-increment columns for 'teamsperevent' [type = TABLE]
[16 Abr 2019 16:34:12]   Found auto-increment column: oid
[16 Abr 2019 16:34:12] Retrieving auto-increment columns for 'user' [type = TABLE]
[16 Abr 2019 16:34:12]   Found auto-increment column: oid
[16 Abr 2019 16:34:12] Retrieving auto-increment columns for 'user_group' [type = TABLE]
[16 Abr 2019 16:34:12] Database connection closed
