[15 Abr 2019 19:18:12] DEBUG Executing SQL script
[15 Abr 2019 19:18:12] INFO ================================================================================
[15 Abr 2019 19:18:12] INFO onError= 'stop'
[15 Abr 2019 19:18:12] INFO autoCommit= 'false'
[15 Abr 2019 19:18:12] INFO username= 'userEW'
[15 Abr 2019 19:18:12] INFO outputPath= '/home/mbrito/Desktop/WebRatio/workspace/BETEW2/.Temp~/RollbackSQL.xml'
[15 Abr 2019 19:18:12] INFO outputLogPath= '/home/mbrito/Desktop/WebRatio/workspace/BETEW2/.Temp~/RollbackSQL.xml.log'
[15 Abr 2019 19:18:12] INFO encoding= ''
[15 Abr 2019 19:18:12] INFO driverClass= 'com.mysql.jdbc.Driver'
[15 Abr 2019 19:18:12] INFO sqlScript= '/home/mbrito/Desktop/WebRatio/workspace/BETEW2/.Temp~/RollbackSQL.sql'
[15 Abr 2019 19:18:12] INFO eventSocketPort= '33451'
[15 Abr 2019 19:18:12] INFO statementSeparator= ';'
[15 Abr 2019 19:18:12] INFO derby.system.home= '/home/mbrito/Desktop/WebRatio/workspace/.metadata/.plugins/com.webratio.commons.db/derby'
[15 Abr 2019 19:18:12] INFO password= 'userEW23'
[15 Abr 2019 19:18:12] INFO url= 'jdbc:mysql://localhost:3306/bettingwebapp'
[15 Abr 2019 19:18:12] INFO ================================================================================
[15 Abr 2019 19:18:12] INFO Connecting to the Database...
[15 Abr 2019 19:18:12] INFO Database connection estabilished
[15 Abr 2019 19:18:12] INFO transaction isolation: 4
[15 Abr 2019 19:18:12] DEBUG ================================================================================
[15 Abr 2019 19:18:12] DEBUG Executing SQL script file: /home/mbrito/Desktop/WebRatio/workspace/BETEW2/.Temp~/RollbackSQL.sql
[15 Abr 2019 19:18:12] DEBUG Executing statement:  drop table `state`
[15 Abr 2019 19:18:12] DEBUG Executing statement:  drop table `bet`
[15 Abr 2019 19:18:12] DEBUG Executing statement:  drop table `user`
[15 Abr 2019 19:18:12] DEBUG Executing statement:  drop table `module`
[15 Abr 2019 19:18:12] DEBUG Executing statement:  drop table `group`
[15 Abr 2019 19:18:12] DEBUG ================================================================================
[15 Abr 2019 19:18:12] DEBUG SQL SCRIPT SUCCESSFULLY EXECUTED
[15 Abr 2019 19:18:12] INFO Database connection closed
[15 Abr 2019 19:18:12] DEBUG Total time: 367 milliseconds
