[15 Abr 2019 19:36:45] DEBUG Executing SQL script
[15 Abr 2019 19:36:45] INFO ================================================================================
[15 Abr 2019 19:36:45] INFO onError= 'stop'
[15 Abr 2019 19:36:45] INFO autoCommit= 'false'
[15 Abr 2019 19:36:45] INFO username= 'userEW'
[15 Abr 2019 19:36:45] INFO outputPath= '/home/mbrito/Desktop/WebRatio/workspace/BETEW2/.Temp~/UpdateSQL.xml'
[15 Abr 2019 19:36:45] INFO outputLogPath= '/home/mbrito/Desktop/WebRatio/workspace/BETEW2/.Temp~/UpdateSQL.xml.log'
[15 Abr 2019 19:36:45] INFO encoding= ''
[15 Abr 2019 19:36:45] INFO driverClass= 'com.mysql.jdbc.Driver'
[15 Abr 2019 19:36:45] INFO sqlScript= '/home/mbrito/Desktop/WebRatio/workspace/BETEW2/.Temp~/UpdateSQL.sql'
[15 Abr 2019 19:36:45] INFO eventSocketPort= '37111'
[15 Abr 2019 19:36:45] INFO statementSeparator= ';'
[15 Abr 2019 19:36:45] INFO derby.system.home= '/home/mbrito/Desktop/WebRatio/workspace/.metadata/.plugins/com.webratio.commons.db/derby'
[15 Abr 2019 19:36:45] INFO password= 'userEW23'
[15 Abr 2019 19:36:45] INFO url= 'jdbc:mysql://localhost:3306/bettingwebapp'
[15 Abr 2019 19:36:45] INFO ================================================================================
[15 Abr 2019 19:36:45] INFO Connecting to the Database...
[15 Abr 2019 19:36:45] INFO Database connection estabilished
[15 Abr 2019 19:36:45] INFO transaction isolation: 4
[15 Abr 2019 19:36:45] DEBUG ================================================================================
[15 Abr 2019 19:36:45] DEBUG Executing SQL script file: /home/mbrito/Desktop/WebRatio/workspace/BETEW2/.Temp~/UpdateSQL.sql
[15 Abr 2019 19:36:45] DEBUG Executing statement:  create table `group` ( `oid`  integer not null auto_increment, `groupname`  varchar(255), primary key (`oid`) )
[15 Abr 2019 19:36:45] DEBUG Executing statement:    create table `module` ( `oid`  integer not null auto_increment, `moduleid`  varchar(255), `modulename`  varchar(255), primary key (`oid`) )
[15 Abr 2019 19:36:45] DEBUG Executing statement:    create table `user` ( `oid`  integer not null auto_increment, `username`  varchar(255), `password`  varchar(255), `email`  varchar(255), `name`  varchar(255), `balance`  double precision, primary key (`oid`) )
[15 Abr 2019 19:36:45] DEBUG Executing statement:    create table `bet` ( `oid`  integer not null auto_increment, `wager`  double precision, primary key (`oid`) )
[15 Abr 2019 19:36:45] DEBUG Executing statement:    create table `state` ( `oid`  integer not null auto_increment, `name`  varchar(255), primary key (`oid`) )
[15 Abr 2019 19:36:45] DEBUG Executing statement:    create table `footballstats` ( `stats_oid`  integer  not null, `homegoals`  integer, `awaygoals`  integer, `awayyellowcards`  integer, `homeyellowcards`  integer, `awayredcards`  integer, `homeredcards`  integer, primary key (`stats_oid`) )
[15 Abr 2019 19:36:45] DEBUG Executing statement:    create table `basketballstats` ( `stats_oid`  integer  not null, `homepoints`  integer, `awaytriples`  integer, `hometriples`  integer, `awaypoints`  integer, primary key (`stats_oid`) )
[15 Abr 2019 19:36:45] DEBUG Executing statement:    create table `stats` ( `oid`  integer not null auto_increment, `gameduration`  varchar(255), primary key (`oid`) )
[15 Abr 2019 19:36:45] DEBUG Executing statement:    create table `availablebettypes` ( `oid`  integer not null auto_increment, `odd`  double precision, `betresult`  bit, primary key (`oid`) )
[15 Abr 2019 19:36:45] DEBUG Executing statement:    create table `event` ( `event_oid`  integer not null auto_increment, `finishingdate`  date, `startingdate`  date, `creationdate`  date, `ispremium`  bit, `description`  varchar(255), `name`  varchar(255), primary key (`event_oid`) )
[15 Abr 2019 19:36:45] DEBUG Executing statement:    create table `result` ( `oid`  integer not null auto_increment, `name`  varchar(255), primary key (`oid`) )
[15 Abr 2019 19:36:45] DEBUG Executing statement:    create table `sport` ( `oid`  integer not null auto_increment, `name`  varchar(255), primary key (`oid`) )
[15 Abr 2019 19:36:45] DEBUG Executing statement:    create table `bettype` ( `oid`  integer not null auto_increment, `name`  varchar(255), primary key (`oid`) )
[15 Abr 2019 19:36:45] DEBUG Executing statement:    create table `team` ( `oid`  integer not null auto_increment, primary key (`oid`) )
[15 Abr 2019 19:36:45] DEBUG Executing statement:    create table `teamsperevent` ( `oid`  integer not null auto_increment, primary key (`oid`) )
[15 Abr 2019 19:36:45] DEBUG Executing statement:    create table `player` ( `oid`  integer not null auto_increment, primary key (`oid`) )
[15 Abr 2019 19:36:45] DEBUG Executing statement:    alter table `group`  add column  `module_oid`  integer
[15 Abr 2019 19:36:45] DEBUG Executing statement:  alter table `group`   add index fk_group_module (`module_oid`), add constraint fk_group_module foreign key (`module_oid`) references `module` (`oid`)
[15 Abr 2019 19:36:45] DEBUG Executing statement:    create table `group_module` ( `group_oid`  integer not null, `module_oid`  integer not null, primary key (`group_oid`, `module_oid`) )
[15 Abr 2019 19:36:45] DEBUG Executing statement:  alter table `group_module`   add index fk_group_module_group (`group_oid`), add constraint fk_group_module_group foreign key (`group_oid`) references `group` (`oid`)
[15 Abr 2019 19:36:45] DEBUG Executing statement:  alter table `group_module`   add index fk_group_module_module (`module_oid`), add constraint fk_group_module_module foreign key (`module_oid`) references `module` (`oid`)
[15 Abr 2019 19:36:45] DEBUG Executing statement:    alter table `user`  add column  `group_oid`  integer
[15 Abr 2019 19:36:45] DEBUG Executing statement:  alter table `user`   add index fk_user_group (`group_oid`), add constraint fk_user_group foreign key (`group_oid`) references `group` (`oid`)
[15 Abr 2019 19:36:45] DEBUG Executing statement:    create table `user_group` ( `user_oid`  integer not null, `group_oid`  integer not null, primary key (`user_oid`, `group_oid`) )
[15 Abr 2019 19:36:45] DEBUG Executing statement:  alter table `user_group`   add index fk_user_group_user (`user_oid`), add constraint fk_user_group_user foreign key (`user_oid`) references `user` (`oid`)
[15 Abr 2019 19:36:45] DEBUG Executing statement:  alter table `user_group`   add index fk_user_group_group (`group_oid`), add constraint fk_user_group_group foreign key (`group_oid`) references `group` (`oid`)
[15 Abr 2019 19:36:45] DEBUG Executing statement:    create table `bettype_sport` ( `bettype_oid`  integer not null, `sport_oid`  integer not null, primary key (`bettype_oid`, `sport_oid`) )
[15 Abr 2019 19:36:45] DEBUG Executing statement:  alter table `bettype_sport`   add index fk_bettype_sport_bettype (`bettype_oid`), add constraint fk_bettype_sport_bettype foreign key (`bettype_oid`) references `bettype` (`oid`)
[15 Abr 2019 19:36:45] DEBUG Executing statement:  alter table `bettype_sport`   add index fk_bettype_sport_sport (`sport_oid`), add constraint fk_bettype_sport_sport foreign key (`sport_oid`) references `sport` (`oid`)
[15 Abr 2019 19:36:45] DEBUG Executing statement:    alter table `bet`  add column  `user_oid`  integer
[15 Abr 2019 19:36:45] DEBUG Executing statement:  alter table `bet`   add index fk_bet_user (`user_oid`), add constraint fk_bet_user foreign key (`user_oid`) references `user` (`oid`)
[15 Abr 2019 19:36:45] DEBUG Executing statement:    alter table `teamsperevent`  add column  `team_oid`  integer
[15 Abr 2019 19:36:45] DEBUG Executing statement:  alter table `teamsperevent`   add index fk_teamsperevent_team (`team_oid`), add constraint fk_teamsperevent_team foreign key (`team_oid`) references `team` (`oid`)
[15 Abr 2019 19:36:45] DEBUG Executing statement:    alter table `teamsperevent`  add column  `event_oid`  integer
[15 Abr 2019 19:36:45] DEBUG Executing statement:  alter table `teamsperevent`   add index fk_teamsperevent_event (`event_oid`), add constraint fk_teamsperevent_event foreign key (`event_oid`) references `event` (`event_oid`)
[15 Abr 2019 19:36:45] DEBUG Executing statement:    alter table `player`  add column  `team_oid`  integer
[15 Abr 2019 19:36:45] DEBUG Executing statement:  alter table `player`   add index fk_player_team (`team_oid`), add constraint fk_player_team foreign key (`team_oid`) references `team` (`oid`)
[15 Abr 2019 19:36:45] DEBUG Executing statement:    alter table `bet`  add column  `event_oid`  integer
[15 Abr 2019 19:36:45] DEBUG Executing statement:  alter table `bet`   add index fk_bet_event (`event_oid`), add constraint fk_bet_event foreign key (`event_oid`) references `event` (`event_oid`)
[15 Abr 2019 19:36:45] DEBUG Executing statement:    alter table `event`  add column  `state_oid`  integer
[15 Abr 2019 19:36:46] DEBUG Executing statement:  alter table `event`   add index fk_event_state (`state_oid`), add constraint fk_event_state foreign key (`state_oid`) references `state` (`oid`)
[15 Abr 2019 19:36:46] DEBUG Executing statement:    alter table `bet`  add column  `bettype_oid`  integer
[15 Abr 2019 19:36:46] DEBUG Executing statement:  alter table `bet`   add index fk_bet_bettype (`bettype_oid`), add constraint fk_bet_bettype foreign key (`bettype_oid`) references `bettype` (`oid`)
[15 Abr 2019 19:36:46] DEBUG Executing statement:    alter table `availablebettypes`  add column  `bettype_oid`  integer
[15 Abr 2019 19:36:46] DEBUG Executing statement:  alter table `availablebettypes`   add index fk_availablebettypes_bettype (`bettype_oid`), add constraint fk_availablebettypes_bettype foreign key (`bettype_oid`) references `bettype` (`oid`)
[15 Abr 2019 19:36:46] DEBUG Executing statement:    alter table `availablebettypes`  add column  `event_oid`  integer
[15 Abr 2019 19:36:46] DEBUG Executing statement:  alter table `availablebettypes`   add index fk_availablebettypes_event (`event_oid`), add constraint fk_availablebettypes_event foreign key (`event_oid`) references `event` (`event_oid`)
[15 Abr 2019 19:36:46] DEBUG Executing statement:    alter table `bet`  add column  `result_oid`  integer
[15 Abr 2019 19:36:46] DEBUG Executing statement:  alter table `bet`   add index fk_bet_result (`result_oid`), add constraint fk_bet_result foreign key (`result_oid`) references `result` (`oid`)
[15 Abr 2019 19:36:46] DEBUG Executing statement:    alter table `event`  add column  `sport_oid`  integer
[15 Abr 2019 19:36:46] DEBUG Executing statement:  alter table `event`   add index fk_event_sport (`sport_oid`), add constraint fk_event_sport foreign key (`sport_oid`) references `sport` (`oid`)
[15 Abr 2019 19:36:46] DEBUG Executing statement:    alter table `stats`  add column  `event_event_oid`  integer
[15 Abr 2019 19:36:46] DEBUG Executing statement:  alter table `stats`   add index fk_stats_event (`event_event_oid`), add constraint fk_stats_event foreign key (`event_event_oid`) references `event` (`event_oid`)
[15 Abr 2019 19:36:46] DEBUG Executing statement:    alter table `footballstats`   add index fk_footballstats_stats (`stats_oid`), add constraint fk_footballstats_stats foreign key (`stats_oid`) references `stats` (`oid`)
[15 Abr 2019 19:36:46] DEBUG Executing statement:    alter table `basketballstats`   add index fk_basketballstats_stats (`stats_oid`), add constraint fk_basketballstats_stats foreign key (`stats_oid`) references `stats` (`oid`)
[15 Abr 2019 19:36:46] DEBUG ================================================================================
[15 Abr 2019 19:36:46] DEBUG SQL SCRIPT SUCCESSFULLY EXECUTED
[15 Abr 2019 19:36:46] INFO Database connection closed
[15 Abr 2019 19:36:46] DEBUG Total time: 1120 milliseconds
