[07 Abr 2019 11:44:07] Building database metadata model
[07 Abr 2019 11:44:07] Properties: {partialRefresh=false, processColumnsUsingSelect=, includePrimaryKeys=true, eventSocketClient=com.webratio.commons.net.EventSocketClient@5f54e92c, includeTables=true, username=userEW, outputLogPath=/home/luis/WebRatio_Platform/WebRatio/workspace/BETEW/.Temp~/DB.xml.log, readIndexes=null, driverClass=com.mysql.jdbc.Driver, includeSynonyms=true, metaDataProviderClass=com.webratio.commons.db.metadata.MySQLMetaDataProvider, outputPath=/home/luis/WebRatio_Platform/WebRatio/workspace/BETEW/.Temp~/DB.xml, schemaRegex=null, readProcedures=null, includeViews=true, derby.system.home=/home/luis/WebRatio_Platform/WebRatio/workspace/.metadata/.plugins/com.webratio.commons.db/derby, url=jdbc:mysql://localhost:3306/bettingwebapp, tableRegex=null, readSQLDefinitions=true, includeForeignKeys=true, retrieveAllNames=false, tablesToRefresh=, eventSocketPort=41685}
[07 Abr 2019 11:44:07] URL: jdbc:mysql://localhost:3306/bettingwebapp
[07 Abr 2019 11:44:07] Product name: MySQL
[07 Abr 2019 11:44:07] Product version: 5.7.25-0ubuntu0.18.04.2
[07 Abr 2019 11:44:07] Driver name: MySQL Connector Java
[07 Abr 2019 11:44:07] Driver version: mysql-connector-java-5.1.31 ( Revision: alexander.soklakov@oracle.com-20140520065950-groqzzbvxprqdmnz )
[07 Abr 2019 11:44:07] Driver major version: 5
[07 Abr 2019 11:44:07] Driver minor version: 1
[07 Abr 2019 11:44:07] Identifier quote string: 1
[07 Abr 2019 11:44:07] Retrieving schemas
[07 Abr 2019 11:44:07] Retrieving [TABLE, VIEW, SYNONYM] for schema ''
[07 Abr 2019 11:44:07]   Found 'availablebettypes' [type = TABLE]
[07 Abr 2019 11:44:07]   Found 'bet' [type = TABLE]
[07 Abr 2019 11:44:07]   Found 'bettype' [type = TABLE]
[07 Abr 2019 11:44:07]   Found 'event' [type = TABLE]
[07 Abr 2019 11:44:07]   Found 'group' [type = TABLE]
[07 Abr 2019 11:44:07]   Found 'group_module' [type = TABLE]
[07 Abr 2019 11:44:07]   Found 'module' [type = TABLE]
[07 Abr 2019 11:44:07]   Found 'player' [type = TABLE]
[07 Abr 2019 11:44:07]   Found 'result' [type = TABLE]
[07 Abr 2019 11:44:07]   Found 'sport' [type = TABLE]
[07 Abr 2019 11:44:07]   Found 'state' [type = TABLE]
[07 Abr 2019 11:44:07]   Found 'team' [type = TABLE]
[07 Abr 2019 11:44:07]   Found 'teamsperevent' [type = TABLE]
[07 Abr 2019 11:44:07]   Found 'user' [type = TABLE]
[07 Abr 2019 11:44:07]   Found 'user_group' [type = TABLE]
[07 Abr 2019 11:44:07] Retrieving columns for 'availablebettypes' [type = TABLE]
[07 Abr 2019 11:44:07]   Found column: oid [type = INT][SQL/XOPEN type = 4][size = 10][dec. digits = 0]
[07 Abr 2019 11:44:07]   Found column: odd [type = DOUBLE][SQL/XOPEN type = 8][size = 22][dec. digits = 0]
[07 Abr 2019 11:44:07]   Found column: bettype_oid [type = INT][SQL/XOPEN type = 4][size = 10][dec. digits = 0]
[07 Abr 2019 11:44:07]   Found column: event_oid [type = INT][SQL/XOPEN type = 4][size = 10][dec. digits = 0]
[07 Abr 2019 11:44:07] Retrieving primary keys for 'availablebettypes' [type = TABLE]
[07 Abr 2019 11:44:07]   Found primary key column: oid
[07 Abr 2019 11:44:07] Retrieving columns for 'bet' [type = TABLE]
[07 Abr 2019 11:44:07]   Found column: oid [type = INT][SQL/XOPEN type = 4][size = 10][dec. digits = 0]
[07 Abr 2019 11:44:07]   Found column: wager [type = DOUBLE][SQL/XOPEN type = 8][size = 22][dec. digits = 0]
[07 Abr 2019 11:44:07]   Found column: result [type = VARCHAR][SQL/XOPEN type = 12][size = 255][dec. digits = 0]
[07 Abr 2019 11:44:07]   Found column: user_oid [type = INT][SQL/XOPEN type = 4][size = 10][dec. digits = 0]
[07 Abr 2019 11:44:07]   Found column: event_oid [type = INT][SQL/XOPEN type = 4][size = 10][dec. digits = 0]
[07 Abr 2019 11:44:07]   Found column: bettype_oid [type = INT][SQL/XOPEN type = 4][size = 10][dec. digits = 0]
[07 Abr 2019 11:44:07]   Found column: result_oid [type = INT][SQL/XOPEN type = 4][size = 10][dec. digits = 0]
[07 Abr 2019 11:44:07] Retrieving primary keys for 'bet' [type = TABLE]
[07 Abr 2019 11:44:07]   Found primary key column: oid
[07 Abr 2019 11:44:07] Retrieving columns for 'bettype' [type = TABLE]
[07 Abr 2019 11:44:07]   Found column: oid [type = INT][SQL/XOPEN type = 4][size = 10][dec. digits = 0]
[07 Abr 2019 11:44:07]   Found column: name [type = VARCHAR][SQL/XOPEN type = 12][size = 255][dec. digits = 0]
[07 Abr 2019 11:44:07] Retrieving primary keys for 'bettype' [type = TABLE]
[07 Abr 2019 11:44:07]   Found primary key column: oid
[07 Abr 2019 11:44:07] Retrieving columns for 'event' [type = TABLE]
[07 Abr 2019 11:44:07]   Found column: oid [type = INT][SQL/XOPEN type = 4][size = 10][dec. digits = 0]
[07 Abr 2019 11:44:07]   Found column: finishingdate [type = DATE][SQL/XOPEN type = 91][size = 10][dec. digits = 0]
[07 Abr 2019 11:44:07]   Found column: startingdate [type = DATE][SQL/XOPEN type = 91][size = 10][dec. digits = 0]
[07 Abr 2019 11:44:07]   Found column: creationdate [type = DATE][SQL/XOPEN type = 91][size = 10][dec. digits = 0]
[07 Abr 2019 11:44:07]   Found column: ispremium [type = BIT][SQL/XOPEN type = -7][size = 1][dec. digits = 0]
[07 Abr 2019 11:44:07]   Found column: description [type = VARCHAR][SQL/XOPEN type = 12][size = 255][dec. digits = 0]
[07 Abr 2019 11:44:07]   Found column: name [type = VARCHAR][SQL/XOPEN type = 12][size = 255][dec. digits = 0]
[07 Abr 2019 11:44:07]   Found column: state_oid [type = INT][SQL/XOPEN type = 4][size = 10][dec. digits = 0]
[07 Abr 2019 11:44:07]   Found column: sport_oid [type = INT][SQL/XOPEN type = 4][size = 10][dec. digits = 0]
[07 Abr 2019 11:44:07] Retrieving primary keys for 'event' [type = TABLE]
[07 Abr 2019 11:44:07]   Found primary key column: oid
[07 Abr 2019 11:44:07] Retrieving columns for 'group' [type = TABLE]
[07 Abr 2019 11:44:07]   Found column: oid [type = INT][SQL/XOPEN type = 4][size = 10][dec. digits = 0]
[07 Abr 2019 11:44:07]   Found column: groupname [type = VARCHAR][SQL/XOPEN type = 12][size = 255][dec. digits = 0]
[07 Abr 2019 11:44:07]   Found column: module_oid [type = INT][SQL/XOPEN type = 4][size = 10][dec. digits = 0]
[07 Abr 2019 11:44:07] Retrieving primary keys for 'group' [type = TABLE]
[07 Abr 2019 11:44:07]   Found primary key column: oid
[07 Abr 2019 11:44:07] Retrieving columns for 'group_module' [type = TABLE]
[07 Abr 2019 11:44:07]   Found column: group_oid [type = INT][SQL/XOPEN type = 4][size = 10][dec. digits = 0]
[07 Abr 2019 11:44:07]   Found column: module_oid [type = INT][SQL/XOPEN type = 4][size = 10][dec. digits = 0]
[07 Abr 2019 11:44:07] Retrieving primary keys for 'group_module' [type = TABLE]
[07 Abr 2019 11:44:07]   Found primary key column: group_oid
[07 Abr 2019 11:44:07]   Found primary key column: module_oid
[07 Abr 2019 11:44:07] Retrieving columns for 'module' [type = TABLE]
[07 Abr 2019 11:44:07]   Found column: oid [type = INT][SQL/XOPEN type = 4][size = 10][dec. digits = 0]
[07 Abr 2019 11:44:07]   Found column: moduleid [type = VARCHAR][SQL/XOPEN type = 12][size = 255][dec. digits = 0]
[07 Abr 2019 11:44:07]   Found column: modulename [type = VARCHAR][SQL/XOPEN type = 12][size = 255][dec. digits = 0]
[07 Abr 2019 11:44:07] Retrieving primary keys for 'module' [type = TABLE]
[07 Abr 2019 11:44:07]   Found primary key column: oid
[07 Abr 2019 11:44:07] Retrieving columns for 'player' [type = TABLE]
[07 Abr 2019 11:44:07]   Found column: oid [type = INT][SQL/XOPEN type = 4][size = 10][dec. digits = 0]
[07 Abr 2019 11:44:07]   Found column: team_oid [type = INT][SQL/XOPEN type = 4][size = 10][dec. digits = 0]
[07 Abr 2019 11:44:07] Retrieving primary keys for 'player' [type = TABLE]
[07 Abr 2019 11:44:07]   Found primary key column: oid
[07 Abr 2019 11:44:07] Retrieving columns for 'result' [type = TABLE]
[07 Abr 2019 11:44:07]   Found column: oid [type = INT][SQL/XOPEN type = 4][size = 10][dec. digits = 0]
[07 Abr 2019 11:44:07]   Found column: name [type = VARCHAR][SQL/XOPEN type = 12][size = 255][dec. digits = 0]
[07 Abr 2019 11:44:07] Retrieving primary keys for 'result' [type = TABLE]
[07 Abr 2019 11:44:07]   Found primary key column: oid
[07 Abr 2019 11:44:07] Retrieving columns for 'sport' [type = TABLE]
[07 Abr 2019 11:44:07]   Found column: oid [type = INT][SQL/XOPEN type = 4][size = 10][dec. digits = 0]
[07 Abr 2019 11:44:07]   Found column: name [type = VARCHAR][SQL/XOPEN type = 12][size = 255][dec. digits = 0]
[07 Abr 2019 11:44:07]   Found column: name_2 [type = VARCHAR][SQL/XOPEN type = 12][size = 255][dec. digits = 0]
[07 Abr 2019 11:44:07] Retrieving primary keys for 'sport' [type = TABLE]
[07 Abr 2019 11:44:07]   Found primary key column: oid
[07 Abr 2019 11:44:07] Retrieving columns for 'state' [type = TABLE]
[07 Abr 2019 11:44:07]   Found column: oid [type = INT][SQL/XOPEN type = 4][size = 10][dec. digits = 0]
[07 Abr 2019 11:44:07]   Found column: name [type = VARCHAR][SQL/XOPEN type = 12][size = 255][dec. digits = 0]
[07 Abr 2019 11:44:07] Retrieving primary keys for 'state' [type = TABLE]
[07 Abr 2019 11:44:07]   Found primary key column: oid
[07 Abr 2019 11:44:07] Retrieving columns for 'team' [type = TABLE]
[07 Abr 2019 11:44:07]   Found column: oid [type = INT][SQL/XOPEN type = 4][size = 10][dec. digits = 0]
[07 Abr 2019 11:44:07] Retrieving primary keys for 'team' [type = TABLE]
[07 Abr 2019 11:44:07]   Found primary key column: oid
[07 Abr 2019 11:44:07] Retrieving columns for 'teamsperevent' [type = TABLE]
[07 Abr 2019 11:44:07]   Found column: oid [type = INT][SQL/XOPEN type = 4][size = 10][dec. digits = 0]
[07 Abr 2019 11:44:07]   Found column: team_oid [type = INT][SQL/XOPEN type = 4][size = 10][dec. digits = 0]
[07 Abr 2019 11:44:07]   Found column: event_oid [type = INT][SQL/XOPEN type = 4][size = 10][dec. digits = 0]
[07 Abr 2019 11:44:07] Retrieving primary keys for 'teamsperevent' [type = TABLE]
[07 Abr 2019 11:44:07]   Found primary key column: oid
[07 Abr 2019 11:44:07] Retrieving columns for 'user' [type = TABLE]
[07 Abr 2019 11:44:07]   Found column: oid [type = INT][SQL/XOPEN type = 4][size = 10][dec. digits = 0]
[07 Abr 2019 11:44:07]   Found column: username [type = VARCHAR][SQL/XOPEN type = 12][size = 255][dec. digits = 0]
[07 Abr 2019 11:44:07]   Found column: password [type = VARCHAR][SQL/XOPEN type = 12][size = 255][dec. digits = 0]
[07 Abr 2019 11:44:07]   Found column: email [type = VARCHAR][SQL/XOPEN type = 12][size = 255][dec. digits = 0]
[07 Abr 2019 11:44:07]   Found column: name [type = VARCHAR][SQL/XOPEN type = 12][size = 255][dec. digits = 0]
[07 Abr 2019 11:44:07]   Found column: balance [type = DOUBLE][SQL/XOPEN type = 8][size = 22][dec. digits = 0]
[07 Abr 2019 11:44:07]   Found column: group_oid [type = INT][SQL/XOPEN type = 4][size = 10][dec. digits = 0]
[07 Abr 2019 11:44:07] Retrieving primary keys for 'user' [type = TABLE]
[07 Abr 2019 11:44:07]   Found primary key column: oid
[07 Abr 2019 11:44:07] Retrieving columns for 'user_group' [type = TABLE]
[07 Abr 2019 11:44:07]   Found column: user_oid [type = INT][SQL/XOPEN type = 4][size = 10][dec. digits = 0]
[07 Abr 2019 11:44:07]   Found column: group_oid [type = INT][SQL/XOPEN type = 4][size = 10][dec. digits = 0]
[07 Abr 2019 11:44:07] Retrieving primary keys for 'user_group' [type = TABLE]
[07 Abr 2019 11:44:07]   Found primary key column: user_oid
[07 Abr 2019 11:44:07]   Found primary key column: group_oid
[07 Abr 2019 11:44:07] Retrieving foreign keys for 'availablebettypes' [type = TABLE]
[07 Abr 2019 11:44:07]   Found foreign key: column bettype_oid references bettype(oid)
[07 Abr 2019 11:44:07]   Found foreign key: column event_oid references event(oid)
[07 Abr 2019 11:44:07] Retrieving foreign keys for 'bet' [type = TABLE]
[07 Abr 2019 11:44:07]   Found foreign key: column bettype_oid references bettype(oid)
[07 Abr 2019 11:44:07]   Found foreign key: column event_oid references event(oid)
[07 Abr 2019 11:44:07]   Found foreign key: column result_oid references result(oid)
[07 Abr 2019 11:44:07]   Found foreign key: column user_oid references user(oid)
[07 Abr 2019 11:44:07] Retrieving foreign keys for 'bettype' [type = TABLE]
[07 Abr 2019 11:44:07] Retrieving foreign keys for 'event' [type = TABLE]
[07 Abr 2019 11:44:07]   Found foreign key: column sport_oid references sport(oid)
[07 Abr 2019 11:44:07]   Found foreign key: column state_oid references state(oid)
[07 Abr 2019 11:44:07] Retrieving foreign keys for 'group' [type = TABLE]
[07 Abr 2019 11:44:07]   Found foreign key: column module_oid references module(oid)
[07 Abr 2019 11:44:07] Retrieving foreign keys for 'group_module' [type = TABLE]
[07 Abr 2019 11:44:07]   Found foreign key: column group_oid references group(oid)
[07 Abr 2019 11:44:07]   Found foreign key: column module_oid references module(oid)
[07 Abr 2019 11:44:07] Retrieving foreign keys for 'module' [type = TABLE]
[07 Abr 2019 11:44:07] Retrieving foreign keys for 'player' [type = TABLE]
[07 Abr 2019 11:44:07]   Found foreign key: column team_oid references team(oid)
[07 Abr 2019 11:44:07] Retrieving foreign keys for 'result' [type = TABLE]
[07 Abr 2019 11:44:07] Retrieving foreign keys for 'sport' [type = TABLE]
[07 Abr 2019 11:44:07] Retrieving foreign keys for 'state' [type = TABLE]
[07 Abr 2019 11:44:07] Retrieving foreign keys for 'team' [type = TABLE]
[07 Abr 2019 11:44:07] Retrieving foreign keys for 'teamsperevent' [type = TABLE]
[07 Abr 2019 11:44:07]   Found foreign key: column event_oid references event(oid)
[07 Abr 2019 11:44:07]   Found foreign key: column team_oid references team(oid)
[07 Abr 2019 11:44:07] Retrieving foreign keys for 'user' [type = TABLE]
[07 Abr 2019 11:44:07]   Found foreign key: column group_oid references group(oid)
[07 Abr 2019 11:44:07] Retrieving foreign keys for 'user_group' [type = TABLE]
[07 Abr 2019 11:44:07]   Found foreign key: column group_oid references group(oid)
[07 Abr 2019 11:44:07]   Found foreign key: column user_oid references user(oid)
[07 Abr 2019 11:44:07] Database metadata retrieved (95 ms)
[07 Abr 2019 11:44:07] Retrieving auto-increment columns for 'availablebettypes' [type = TABLE]
[07 Abr 2019 11:44:07] Retrieving auto-increment columns for 'bet' [type = TABLE]
[07 Abr 2019 11:44:07] Retrieving auto-increment columns for 'bettype' [type = TABLE]
[07 Abr 2019 11:44:07] Retrieving auto-increment columns for 'event' [type = TABLE]
[07 Abr 2019 11:44:07] Retrieving auto-increment columns for 'group' [type = TABLE]
[07 Abr 2019 11:44:07] Retrieving auto-increment columns for 'group_module' [type = TABLE]
[07 Abr 2019 11:44:07] Retrieving auto-increment columns for 'module' [type = TABLE]
[07 Abr 2019 11:44:07] Retrieving auto-increment columns for 'player' [type = TABLE]
[07 Abr 2019 11:44:07] Retrieving auto-increment columns for 'result' [type = TABLE]
[07 Abr 2019 11:44:07] Retrieving auto-increment columns for 'sport' [type = TABLE]
[07 Abr 2019 11:44:07] Retrieving auto-increment columns for 'state' [type = TABLE]
[07 Abr 2019 11:44:07] Retrieving auto-increment columns for 'team' [type = TABLE]
[07 Abr 2019 11:44:07] Retrieving auto-increment columns for 'teamsperevent' [type = TABLE]
[07 Abr 2019 11:44:07] Retrieving auto-increment columns for 'user' [type = TABLE]
[07 Abr 2019 11:44:07] Retrieving auto-increment columns for 'user_group' [type = TABLE]
[07 Abr 2019 11:44:07] Database connection closed
