[06 Abr 2019 12:38:59] DEBUG Executing SQL script
[06 Abr 2019 12:38:59] INFO ================================================================================
[06 Abr 2019 12:38:59] INFO onError= 'stop'
[06 Abr 2019 12:38:59] INFO autoCommit= 'false'
[06 Abr 2019 12:38:59] INFO username= 'userEW'
[06 Abr 2019 12:38:59] INFO outputPath= '/home/luis/WebRatio_Platform/WebRatio/workspace/BETEW/.Temp~/UpdateSQL.xml'
[06 Abr 2019 12:38:59] INFO outputLogPath= '/home/luis/WebRatio_Platform/WebRatio/workspace/BETEW/.Temp~/UpdateSQL.xml.log'
[06 Abr 2019 12:38:59] INFO encoding= ''
[06 Abr 2019 12:38:59] INFO driverClass= 'com.mysql.jdbc.Driver'
[06 Abr 2019 12:38:59] INFO sqlScript= '/home/luis/WebRatio_Platform/WebRatio/workspace/BETEW/.Temp~/UpdateSQL.sql'
[06 Abr 2019 12:38:59] INFO eventSocketPort= '44023'
[06 Abr 2019 12:38:59] INFO statementSeparator= ';'
[06 Abr 2019 12:38:59] INFO derby.system.home= '/home/luis/WebRatio_Platform/WebRatio/workspace/.metadata/.plugins/com.webratio.commons.db/derby'
[06 Abr 2019 12:38:59] INFO password= 'userEW23'
[06 Abr 2019 12:38:59] INFO url= 'jdbc:mysql://localhost:3306/bettingwebapp'
[06 Abr 2019 12:38:59] INFO ================================================================================
[06 Abr 2019 12:38:59] INFO Connecting to the Database...
[06 Abr 2019 12:38:59] INFO Database connection estabilished
[06 Abr 2019 12:38:59] INFO transaction isolation: 4
[06 Abr 2019 12:38:59] DEBUG ================================================================================
[06 Abr 2019 12:38:59] DEBUG Executing SQL script file: /home/luis/WebRatio_Platform/WebRatio/workspace/BETEW/.Temp~/UpdateSQL.sql
[06 Abr 2019 12:38:59] DEBUG Executing statement:  alter table `sport`  add column  `name_2`  varchar(255)
[06 Abr 2019 12:38:59] DEBUG ================================================================================
[06 Abr 2019 12:38:59] DEBUG SQL SCRIPT SUCCESSFULLY EXECUTED
[06 Abr 2019 12:38:59] INFO Database connection closed
[06 Abr 2019 12:38:59] DEBUG Total time: 865 milliseconds
